#
# There is insufficient memory for the Java Runtime Environment to continue.
# Native memory allocation (malloc) failed to allocate 1027376 bytes for Chunk::new
# Possible reasons:
#   The system is out of physical RAM or swap space
#   The process is running with CompressedOops enabled, and the Java Heap may be blocking the growth of the native heap
# Possible solutions:
#   Reduce memory load on the system
#   Increase physical memory or swap space
#   Check if swap backing store is full
#   Decrease Java heap size (-Xmx/-Xms)
#   Decrease number of Java threads
#   Decrease Java thread stack sizes (-Xss)
#   Set larger code cache with -XX:ReservedCodeCacheSize=
#   JVM is running with Unscaled Compressed Oops mode in which the Java heap is
#     placed in the first 4GB address space. The Java Heap base address is the
#     maximum limit for the native heap growth. Please use -XX:HeapBaseMinAddress
#     to set the Java Heap base and to place the Java Heap above 4GB virtual address.
# This output file may be truncated or incomplete.
#
#  Out of Memory Error (arena.cpp:191), pid=15512, tid=15980
#
# JRE version: OpenJDK Runtime Environment Temurin-17.0.10+7 (17.0.10+7) (build 17.0.10+7)
# Java VM: OpenJDK 64-Bit Server VM Temurin-17.0.10+7 (17.0.10+7, mixed mode, tiered, compressed oops, compressed class ptrs, parallel gc, windows-amd64)
# No core dump will be written. Minidumps are not enabled by default on client versions of Windows
#

---------------  S U M M A R Y ------------

Command Line: --add-modules=ALL-SYSTEM --add-opens=java.base/java.util=ALL-UNNAMED --add-opens=java.base/java.lang=ALL-UNNAMED --add-opens=java.base/sun.nio.fs=ALL-UNNAMED -Declipse.application=org.eclipse.jdt.ls.core.id1 -Dosgi.bundles.defaultStartLevel=4 -Declipse.product=org.eclipse.jdt.ls.core.product -Djava.import.generatesMetadataFilesAtProjectRoot=false -DDetectVMInstallationsJob.disabled=true -Dfile.encoding=utf8 -XX:+UseParallelGC -XX:GCTimeRatio=4 -XX:AdaptiveSizePolicyWeight=90 -Dsun.zip.disableMemoryMapping=true -Xmx1G -Xms100m -Xlog:disable -javaagent:c:\Users\PC\.vscode\extensions\redhat.java-1.29.0-win32-x64\lombok\lombok-1.18.32.jar -XX:+HeapDumpOnOutOfMemoryError -XX:HeapDumpPath=c:\Users\PC\AppData\Roaming\Code\User\workspaceStorage\0699e980b65fcd0dfac2eb193b675684\redhat.java -Daether.dependencyCollector.impl=bf c:\Users\PC\.vscode\extensions\redhat.java-1.29.0-win32-x64\server\plugins\org.eclipse.equinox.launcher_1.6.800.v20240304-1850.jar -configuration c:\Users\PC\AppData\Roaming\Code\User\globalStorage\redhat.java\1.29.0\config_win -data c:\Users\PC\AppData\Roaming\Code\User\workspaceStorage\0699e980b65fcd0dfac2eb193b675684\redhat.java\jdt_ws --stdio

Host: Intel(R) Core(TM) i7-9750H CPU @ 2.60GHz, 12 cores, 7G,  Windows 11 , 64 bit Build 22621 (10.0.22621.3374)
Time: Thu Apr  4 16:49:12 2024 SE Asia Standard Time elapsed time: 48.276075 seconds (0d 0h 0m 48s)

---------------  T H R E A D  ---------------

Current thread (0x00000272a1934bc0):  JavaThread "C2 CompilerThread0" daemon [_thread_in_native, id=15980, stack(0x000000fda0900000,0x000000fda0a00000)]


Current CompileTask:
C2:  48276 8070       4       org.eclipse.osgi.internal.loader.BundleLoader::findLocalResource (9 bytes)

Stack: [0x000000fda0900000,0x000000fda0a00000]
Native frames: (J=compiled Java code, j=interpreted, Vv=VM code, C=native code)
V  [jvm.dll+0x67d2c9]
V  [jvm.dll+0x834afa]
V  [jvm.dll+0x8365be]
V  [jvm.dll+0x836c23]
V  [jvm.dll+0x2477ff]
V  [jvm.dll+0xac514]
V  [jvm.dll+0xacb5c]
V  [jvm.dll+0x366782]
V  [jvm.dll+0x330bfa]
V  [jvm.dll+0x33009a]
V  [jvm.dll+0x219ef1]
V  [jvm.dll+0x219311]
V  [jvm.dll+0x1a502d]
V  [jvm.dll+0x2290de]
V  [jvm.dll+0x2272ac]
V  [jvm.dll+0x7e9bb7]
V  [jvm.dll+0x7e3fba]
V  [jvm.dll+0x67c1b5]
C  [ucrtbase.dll+0x29333]
C  [KERNEL32.DLL+0x1257d]
C  [ntdll.dll+0x5aa48]


---------------  P R O C E S S  ---------------

Threads class SMR info:
_java_thread_list=0x00000272ab9483f0, length=63, elements={
0x000002728893efd0, 0x000002729c7c3020, 0x000002729c7c4d60, 0x000002729c7ce670,
0x00000272a1930220, 0x00000272a19310a0, 0x00000272a1931dc0, 0x00000272a1934bc0,
0x00000272a193ab50, 0x00000272a193f090, 0x00000272889a2de0, 0x00000272a30e7730,
0x00000272a3728480, 0x00000272a3cae0d0, 0x00000272a3e78010, 0x00000272a3a87640,
0x00000272a3c2b9d0, 0x00000272a4148d10, 0x00000272a4149730, 0x00000272a4149220,
0x00000272a4147de0, 0x00000272a55958e0, 0x00000272a5593060, 0x00000272a5597230,
0x00000272a5599fc0, 0x00000272a5595df0, 0x00000272a5598160, 0x00000272a55944a0,
0x00000272a55995a0, 0x00000272a5599ab0, 0x00000272a5597c50, 0x00000272a5593a80,
0x00000272a5598670, 0x00000272a5598b80, 0x00000272a5599090, 0x00000272a559a9e0,
0x00000272a559a4d0, 0x00000272a5593f90, 0x00000272a55953d0, 0x00000272a55949b0,
0x00000272a7adf520, 0x00000272a7adf010, 0x00000272a7add1b0, 0x00000272a7ae1da0,
0x00000272a7adfa30, 0x00000272a7addbd0, 0x00000272a7ade0e0, 0x00000272a7ae1380,
0x00000272a7adbd70, 0x00000272a7adc280, 0x00000272a7adc790, 0x00000272a7adeb00,
0x00000272a7adcca0, 0x00000272a3310850, 0x00000272a7ada930, 0x00000272a7adb350,
0x00000272a7adff40, 0x00000272a7ae22b0, 0x00000272a7ade5f0, 0x00000272a7ae0450,
0x00000272a7ae0e70, 0x00000272a7adae40, 0x00000272a7adb860
}

Java Threads: ( => current thread )
  0x000002728893efd0 JavaThread "main" [_thread_blocked, id=16548, stack(0x000000fda0000000,0x000000fda0100000)]
  0x000002729c7c3020 JavaThread "Reference Handler" daemon [_thread_blocked, id=10016, stack(0x000000fda0300000,0x000000fda0400000)]
  0x000002729c7c4d60 JavaThread "Finalizer" daemon [_thread_blocked, id=24232, stack(0x000000fda0400000,0x000000fda0500000)]
  0x000002729c7ce670 JavaThread "Signal Dispatcher" daemon [_thread_blocked, id=26568, stack(0x000000fda0500000,0x000000fda0600000)]
  0x00000272a1930220 JavaThread "Attach Listener" daemon [_thread_blocked, id=8984, stack(0x000000fda0600000,0x000000fda0700000)]
  0x00000272a19310a0 JavaThread "Service Thread" daemon [_thread_blocked, id=11592, stack(0x000000fda0700000,0x000000fda0800000)]
  0x00000272a1931dc0 JavaThread "Monitor Deflation Thread" daemon [_thread_blocked, id=16132, stack(0x000000fda0800000,0x000000fda0900000)]
=>0x00000272a1934bc0 JavaThread "C2 CompilerThread0" daemon [_thread_in_native, id=15980, stack(0x000000fda0900000,0x000000fda0a00000)]
  0x00000272a193ab50 JavaThread "C1 CompilerThread0" daemon [_thread_blocked, id=12528, stack(0x000000fda0a00000,0x000000fda0b00000)]
  0x00000272a193f090 JavaThread "Sweeper thread" daemon [_thread_blocked, id=4348, stack(0x000000fda0b00000,0x000000fda0c00000)]
  0x00000272889a2de0 JavaThread "Common-Cleaner" daemon [_thread_blocked, id=20484, stack(0x000000fda0c00000,0x000000fda0d00000)]
  0x00000272a30e7730 JavaThread "Notification Thread" daemon [_thread_blocked, id=12688, stack(0x000000fda0e00000,0x000000fda0f00000)]
  0x00000272a3728480 JavaThread "Active Thread: Equinox Container: c989c16a-c012-4f26-89bd-6453a178e4d1" [_thread_blocked, id=15056, stack(0x000000fda1600000,0x000000fda1700000)]
  0x00000272a3cae0d0 JavaThread "Framework Event Dispatcher: Equinox Container: c989c16a-c012-4f26-89bd-6453a178e4d1" daemon [_thread_blocked, id=13848, stack(0x000000fda1700000,0x000000fda1800000)]
  0x00000272a3e78010 JavaThread "Start Level: Equinox Container: c989c16a-c012-4f26-89bd-6453a178e4d1" daemon [_thread_blocked, id=8964, stack(0x000000fda1800000,0x000000fda1900000)]
  0x00000272a3a87640 JavaThread "Bundle File Closer" daemon [_thread_blocked, id=13272, stack(0x000000fda1a00000,0x000000fda1b00000)]
  0x00000272a3c2b9d0 JavaThread "SCR Component Actor" daemon [_thread_blocked, id=24632, stack(0x000000fda1b00000,0x000000fda1c00000)]
  0x00000272a4148d10 JavaThread "Worker-JM" [_thread_blocked, id=5636, stack(0x000000fda0d00000,0x000000fda0e00000)]
  0x00000272a4149730 JavaThread "Worker-0" [_thread_blocked, id=21520, stack(0x000000fda1f00000,0x000000fda2000000)]
  0x00000272a4149220 JavaThread "Worker-1: Synchronize Gradle projects with workspace" [_thread_blocked, id=7264, stack(0x000000fda2000000,0x000000fda2100000)]
  0x00000272a4147de0 JavaThread "Worker-2: Synchronize Gradle projects with workspace" [_thread_blocked, id=19312, stack(0x000000fda2200000,0x000000fda2300000)]
  0x00000272a55958e0 JavaThread "Worker-3" [_thread_blocked, id=15568, stack(0x000000fda2300000,0x000000fda2400000)]
  0x00000272a5593060 JavaThread "Java indexing" daemon [_thread_blocked, id=18836, stack(0x000000fda2400000,0x000000fda2500000)]
  0x00000272a5597230 JavaThread "JNA Cleaner" daemon [_thread_blocked, id=20664, stack(0x000000fda2500000,0x000000fda2600000)]
  0x00000272a5599fc0 JavaThread "pool-2-thread-1" [_thread_blocked, id=19860, stack(0x000000fda2600000,0x000000fda2700000)]
  0x00000272a5595df0 JavaThread "WorkspaceEventsHandler" [_thread_blocked, id=19320, stack(0x000000fda2700000,0x000000fda2800000)]
  0x00000272a5598160 JavaThread "pool-1-thread-1" [_thread_in_native, id=17004, stack(0x000000fda2800000,0x000000fda2900000)]
  0x00000272a55944a0 JavaThread "Timer-0" [_thread_blocked, id=9860, stack(0x000000fda2900000,0x000000fda2a00000)]
  0x00000272a55995a0 JavaThread "Timer-1" [_thread_blocked, id=3848, stack(0x000000fda2a00000,0x000000fda2b00000)]
  0x00000272a5599ab0 JavaThread "Timer-2" [_thread_blocked, id=25972, stack(0x000000fda2b00000,0x000000fda2c00000)]
  0x00000272a5597c50 JavaThread "Timer-3" [_thread_blocked, id=11228, stack(0x000000fda2c00000,0x000000fda2d00000)]
  0x00000272a5593a80 JavaThread "Timer-4" [_thread_blocked, id=22424, stack(0x000000fda1e00000,0x000000fda1f00000)]
  0x00000272a5598670 JavaThread "Worker-4: Initialize workspace" [_thread_blocked, id=19712, stack(0x000000fda3000000,0x000000fda3100000)]
  0x00000272a5598b80 JavaThread "Exec process" [_thread_blocked, id=24872, stack(0x000000fda3100000,0x000000fda3200000)]
  0x00000272a5599090 JavaThread "Exec process Thread 2" [_thread_blocked, id=3672, stack(0x000000fda3200000,0x000000fda3300000)]
  0x00000272a559a9e0 JavaThread "Exec process Thread 3" [_thread_blocked, id=10280, stack(0x000000fda3300000,0x000000fda3400000)]
  0x00000272a559a4d0 JavaThread "Timer-5" [_thread_blocked, id=4436, stack(0x000000fda2d00000,0x000000fda2e00000)]
  0x00000272a5593f90 JavaThread "Exec process" [_thread_blocked, id=21904, stack(0x000000fda2100000,0x000000fda2200000)]
  0x00000272a55953d0 JavaThread "Exec process Thread 2" [_thread_blocked, id=19424, stack(0x000000fda3400000,0x000000fda3500000)]
  0x00000272a55949b0 JavaThread "Exec process Thread 3" [_thread_blocked, id=18916, stack(0x000000fda3500000,0x000000fda3600000)]
  0x00000272a7adf520 JavaThread "Exec process Thread 4" [_thread_blocked, id=4072, stack(0x000000fda3600000,0x000000fda3700000)]
  0x00000272a7adf010 JavaThread "Exec process Thread 5" [_thread_blocked, id=15096, stack(0x000000fda3700000,0x000000fda3800000)]
  0x00000272a7add1b0 JavaThread "Exec process Thread 6" [_thread_blocked, id=24484, stack(0x000000fda3800000,0x000000fda3900000)]
  0x00000272a7ae1da0 JavaThread "Timer-6" [_thread_blocked, id=7068, stack(0x000000fda2e00000,0x000000fda2f00000)]
  0x00000272a7adfa30 JavaThread "Timer-7" [_thread_blocked, id=24500, stack(0x000000fda2f00000,0x000000fda3000000)]
  0x00000272a7addbd0 JavaThread "Timer-8" [_thread_blocked, id=21084, stack(0x000000fda3900000,0x000000fda3a00000)]
  0x00000272a7ade0e0 JavaThread "Timer-9" [_thread_blocked, id=11044, stack(0x000000fda3a00000,0x000000fda3b00000)]
  0x00000272a7ae1380 JavaThread "Timer-10" [_thread_blocked, id=24300, stack(0x000000fda3b00000,0x000000fda3c00000)]
  0x00000272a7adbd70 JavaThread "Timer-11" [_thread_blocked, id=17908, stack(0x000000fda3c00000,0x000000fda3d00000)]
  0x00000272a7adc280 JavaThread "Timer-12" [_thread_blocked, id=2660, stack(0x000000fda3d00000,0x000000fda3e00000)]
  0x00000272a7adc790 JavaThread "Timer-13" [_thread_blocked, id=3684, stack(0x000000fda3f00000,0x000000fda4000000)]
  0x00000272a7adeb00 JavaThread "Timer-14" [_thread_blocked, id=1396, stack(0x000000fda4300000,0x000000fda4400000)]
  0x00000272a7adcca0 JavaThread "Timer-15" [_thread_blocked, id=16348, stack(0x000000fda4200000,0x000000fda4300000)]
  0x00000272a3310850 JavaThread "C2 CompilerThread1" daemon [_thread_in_native, id=18096, stack(0x000000fda4400000,0x000000fda4500000)]
  0x00000272a7ada930 JavaThread "Timer-16" [_thread_blocked, id=144, stack(0x000000fda4500000,0x000000fda4600000)]
  0x00000272a7adb350 JavaThread "ForkJoinPool.commonPool-worker-1" daemon [_thread_blocked, id=18000, stack(0x000000fda4700000,0x000000fda4800000)]
  0x00000272a7adff40 JavaThread "Timer-17" [_thread_blocked, id=19044, stack(0x000000fda4600000,0x000000fda4700000)]
  0x00000272a7ae22b0 JavaThread "Connection worker" [_thread_in_native, id=13852, stack(0x000000fda4800000,0x000000fda4900000)]
  0x00000272a7ade5f0 JavaThread "ForkJoinPool.commonPool-worker-2" daemon [_thread_blocked, id=15804, stack(0x000000fda4900000,0x000000fda4a00000)]
  0x00000272a7ae0450 JavaThread "ForkJoinPool.commonPool-worker-3" daemon [_thread_blocked, id=18956, stack(0x000000fda4a00000,0x000000fda4b00000)]
  0x00000272a7ae0e70 JavaThread "ForkJoinPool.commonPool-worker-4" daemon [_thread_blocked, id=1544, stack(0x000000fda4b00000,0x000000fda4c00000)]
  0x00000272a7adae40 JavaThread "ForkJoinPool.commonPool-worker-5" daemon [_thread_blocked, id=25756, stack(0x000000fda4c00000,0x000000fda4d00000)]
  0x00000272a7adb860 JavaThread "Worker-5" [_thread_blocked, id=22400, stack(0x000000fda4d00000,0x000000fda4e00000)]

Other Threads:
  0x00000272a1904870 VMThread "VM Thread" [stack: 0x000000fda0200000,0x000000fda0300000] [id=24268]
  0x00000272a1bb9700 WatcherThread [stack: 0x000000fda0f00000,0x000000fda1000000] [id=13900]
  0x0000027288955a80 GCTaskThread "GC Thread#0" [stack: 0x000000fda0100000,0x000000fda0200000] [id=21244]
  0x00000272a3772050 GCTaskThread "GC Thread#1" [stack: 0x000000fda1000000,0x000000fda1100000] [id=9824]
  0x00000272a3a374c0 GCTaskThread "GC Thread#2" [stack: 0x000000fda1100000,0x000000fda1200000] [id=2828]
  0x00000272a3a37780 GCTaskThread "GC Thread#3" [stack: 0x000000fda1200000,0x000000fda1300000] [id=7756]
  0x00000272a3a37a40 GCTaskThread "GC Thread#4" [stack: 0x000000fda1300000,0x000000fda1400000] [id=21476]
  0x00000272a3a37d00 GCTaskThread "GC Thread#5" [stack: 0x000000fda1400000,0x000000fda1500000] [id=11628]
  0x00000272a3a37fc0 GCTaskThread "GC Thread#6" [stack: 0x000000fda1500000,0x000000fda1600000] [id=2712]
  0x00000272a3aae3a0 GCTaskThread "GC Thread#7" [stack: 0x000000fda1900000,0x000000fda1a00000] [id=3240]
  0x00000272a3c21470 GCTaskThread "GC Thread#8" [stack: 0x000000fda1c00000,0x000000fda1d00000] [id=26080]
  0x00000272a3c21730 GCTaskThread "GC Thread#9" [stack: 0x000000fda1d00000,0x000000fda1e00000] [id=8112]

Threads with active compile tasks:
C2 CompilerThread0    48331 8070       4       org.eclipse.osgi.internal.loader.BundleLoader::findLocalResource (9 bytes)
C2 CompilerThread1    48331 8138       4       java.net.URL::equals (27 bytes)

VM state: not at safepoint (normal execution)

VM Mutex/Monitor currently owned by a thread: None

Heap address: 0x00000000c0000000, size: 1024 MB, Compressed Oops mode: 32-bit

CDS archive(s) not mapped
Compressed class space mapped at: 0x0000000100000000-0x0000000140000000, reserved size: 1073741824
Narrow klass base: 0x0000000000000000, Narrow klass shift: 3, Narrow klass range: 0x140000000

GC Precious Log:
 CPUs: 12 total, 12 available
 Memory: 8037M
 Large Page Support: Disabled
 NUMA Support: Disabled
 Compressed Oops: Enabled (32-bit)
 Alignments: Space 512K, Generation 512K, Heap 2M
 Heap Min Capacity: 100M
 Heap Initial Capacity: 100M
 Heap Max Capacity: 1G
 Pre-touch: Disabled
 Parallel Workers: 10

Heap:
 PSYoungGen      total 8704K, used 6359K [0x00000000eab00000, 0x00000000eb500000, 0x0000000100000000)
  eden space 8192K, 73% used [0x00000000eab00000,0x00000000eb0d91f8,0x00000000eb300000)
  from space 512K, 72% used [0x00000000eb400000,0x00000000eb45cbf8,0x00000000eb480000)
  to   space 1024K, 0% used [0x00000000eb300000,0x00000000eb300000,0x00000000eb400000)
 ParOldGen       total 86528K, used 64979K [0x00000000c0000000, 0x00000000c5480000, 0x00000000eab00000)
  object space 86528K, 75% used [0x00000000c0000000,0x00000000c3f74ea0,0x00000000c5480000)
 Metaspace       used 73646K, committed 74880K, reserved 1179648K
  class space    used 9206K, committed 9792K, reserved 1048576K

Card table byte_map: [0x00000272882d0000,0x00000272884e0000] _byte_map_base: 0x0000027287cd0000

Marking Bits: (ParMarkBitMap*) 0x00007ff8b137d7d0
 Begin Bits: [0x000002729a5d0000, 0x000002729b5d0000)
 End Bits:   [0x000002729b5d0000, 0x000002729c5d0000)

Polling page: 0x00000272868f0000

Metaspace:

Usage:
  Non-class:     62.93 MB used.
      Class:      8.99 MB used.
       Both:     71.92 MB used.

Virtual space:
  Non-class space:      128.00 MB reserved,      63.56 MB ( 50%) committed,  2 nodes.
      Class space:        1.00 GB reserved,       9.56 MB ( <1%) committed,  1 nodes.
             Both:        1.12 GB reserved,      73.12 MB (  6%) committed. 

Chunk freelists:
   Non-Class:  15.59 MB
       Class:  6.40 MB
        Both:  21.99 MB

MaxMetaspaceSize: unlimited
CompressedClassSpaceSize: 1.00 GB
Initial GC threshold: 21.00 MB
Current GC threshold: 118.69 MB
CDS: off
MetaspaceReclaimPolicy: balanced
 - commit_granule_bytes: 65536.
 - commit_granule_words: 8192.
 - virtual_space_node_default_size: 8388608.
 - enlarge_chunks_in_place: 1.
 - new_chunks_are_fully_committed: 0.
 - uncommit_free_chunks: 1.
 - use_allocation_guard: 0.
 - handle_deallocations: 1.


Internal statistics:

num_allocs_failed_limit: 13.
num_arena_births: 822.
num_arena_deaths: 24.
num_vsnodes_births: 3.
num_vsnodes_deaths: 0.
num_space_committed: 1170.
num_space_uncommitted: 0.
num_chunks_returned_to_freelist: 41.
num_chunks_taken_from_freelist: 3746.
num_chunk_merges: 15.
num_chunk_splits: 2387.
num_chunks_enlarged: 1486.
num_inconsistent_stats: 0.

CodeHeap 'non-profiled nmethods': size=120000Kb used=4539Kb max_used=4929Kb free=115460Kb
 bounds [0x00000272930a0000, 0x0000027293580000, 0x000002729a5d0000]
CodeHeap 'profiled nmethods': size=120000Kb used=12658Kb max_used=14871Kb free=107342Kb
 bounds [0x000002728b5d0000, 0x000002728c460000, 0x0000027292b00000]
CodeHeap 'non-nmethods': size=5760Kb used=1351Kb max_used=1421Kb free=4408Kb
 bounds [0x0000027292b00000, 0x0000027292d70000, 0x00000272930a0000]
 total_blobs=7276 nmethods=6616 adapters=571
 compilation: enabled
              stopped_count=0, restarted_count=0
 full_count=0

Compilation events (20 events):
Event: 48.127 Thread 0x00000272a3310850 nmethod 8077 0x0000027293169b10 code [0x0000027293169ca0, 0x0000027293169df8]
Event: 48.127 Thread 0x00000272a3310850 8134       4       java.net.URLStreamHandler::hashCode (128 bytes)
Event: 48.134 Thread 0x00000272a1934bc0 nmethod 8133 0x000002729335c290 code [0x000002729335c4a0, 0x000002729335da48]
Event: 48.134 Thread 0x00000272a1934bc0 8070       4       org.eclipse.osgi.internal.loader.BundleLoader::findLocalResource (9 bytes)
Event: 48.164 Thread 0x00000272a3310850 nmethod 8134 0x0000027293185e10 code [0x0000027293186020, 0x00000272931874a8]
Event: 48.164 Thread 0x00000272a3310850 8135       4       com.google.common.io.ByteStreams::toByteArrayInternal (152 bytes)
Event: 48.180 Thread 0x00000272a3310850 nmethod 8135 0x00000272933f9c10 code [0x00000272933f9e00, 0x00000272933fa908]
Event: 48.180 Thread 0x00000272a3310850 8074  s    4       org.eclipse.osgi.storage.url.BundleURLConnection::connect (52 bytes)
Event: 48.182 Thread 0x00000272a3310850 nmethod 8074 0x000002729324c010 code [0x000002729324c1a0, 0x000002729324c4e8]
Event: 48.182 Thread 0x00000272a3310850 8073       4       java.util.ArrayDeque::<init> (35 bytes)
Event: 48.184 Thread 0x00000272a3310850 nmethod 8073 0x00000272930a9a10 code [0x00000272930a9ba0, 0x00000272930a9d98]
Event: 48.184 Thread 0x00000272a3310850 8084       4       org.objectweb.asm.ClassReader::readInt (52 bytes)
Event: 48.185 Thread 0x00000272a3310850 nmethod 8084 0x000002729310b190 code [0x000002729310b300, 0x000002729310b3f8]
Event: 48.185 Thread 0x00000272a3310850 8093       4       org.objectweb.asm.ClassReader::readShort (27 bytes)
Event: 48.186 Thread 0x00000272a3310850 nmethod 8093 0x0000027293136f90 code [0x0000027293137100, 0x00000272931371f8]
Event: 48.211 Thread 0x00000272a3310850 8136       4       java.io.WinNTFileSystem::fromURIPath (89 bytes)
Event: 48.220 Thread 0x00000272a3310850 nmethod 8136 0x0000027293185090 code [0x0000027293185260, 0x0000027293185858]
Event: 48.220 Thread 0x00000272a3310850 8137       4       java.net.URL::toURI (54 bytes)
Event: 48.244 Thread 0x00000272a3310850 nmethod 8137 0x000002729313ae10 code [0x000002729313afe0, 0x000002729313b688]
Event: 48.244 Thread 0x00000272a3310850 8138       4       java.net.URL::equals (27 bytes)

GC Heap History (20 events):
Event: 47.442 GC heap before
{Heap before GC invocations=91 (full 4):
 PSYoungGen      total 8704K, used 8512K [0x00000000eab00000, 0x00000000eb500000, 0x0000000100000000)
  eden space 8192K, 100% used [0x00000000eab00000,0x00000000eb300000,0x00000000eb300000)
  from space 512K, 62% used [0x00000000eb300000,0x00000000eb350000,0x00000000eb380000)
  to   space 1024K, 0% used [0x00000000eb400000,0x00000000eb400000,0x00000000eb500000)
 ParOldGen       total 86528K, used 61748K [0x00000000c0000000, 0x00000000c5480000, 0x00000000eab00000)
  object space 86528K, 71% used [0x00000000c0000000,0x00000000c3c4d110,0x00000000c5480000)
 Metaspace       used 73523K, committed 74816K, reserved 1179648K
  class space    used 9192K, committed 9792K, reserved 1048576K
}
Event: 47.443 GC heap after
{Heap after GC invocations=91 (full 4):
 PSYoungGen      total 8704K, used 352K [0x00000000eab00000, 0x00000000eb480000, 0x0000000100000000)
  eden space 8192K, 0% used [0x00000000eab00000,0x00000000eab00000,0x00000000eb300000)
  from space 512K, 68% used [0x00000000eb400000,0x00000000eb458000,0x00000000eb480000)
  to   space 512K, 0% used [0x00000000eb300000,0x00000000eb300000,0x00000000eb380000)
 ParOldGen       total 86528K, used 61748K [0x00000000c0000000, 0x00000000c5480000, 0x00000000eab00000)
  object space 86528K, 71% used [0x00000000c0000000,0x00000000c3c4d110,0x00000000c5480000)
 Metaspace       used 73523K, committed 74816K, reserved 1179648K
  class space    used 9192K, committed 9792K, reserved 1048576K
}
Event: 47.518 GC heap before
{Heap before GC invocations=92 (full 4):
 PSYoungGen      total 8704K, used 8544K [0x00000000eab00000, 0x00000000eb480000, 0x0000000100000000)
  eden space 8192K, 100% used [0x00000000eab00000,0x00000000eb300000,0x00000000eb300000)
  from space 512K, 68% used [0x00000000eb400000,0x00000000eb458000,0x00000000eb480000)
  to   space 512K, 0% used [0x00000000eb300000,0x00000000eb300000,0x00000000eb380000)
 ParOldGen       total 86528K, used 61748K [0x00000000c0000000, 0x00000000c5480000, 0x00000000eab00000)
  object space 86528K, 71% used [0x00000000c0000000,0x00000000c3c4d110,0x00000000c5480000)
 Metaspace       used 73563K, committed 74816K, reserved 1179648K
  class space    used 9195K, committed 9792K, reserved 1048576K
}
Event: 47.522 GC heap after
{Heap after GC invocations=92 (full 4):
 PSYoungGen      total 8704K, used 506K [0x00000000eab00000, 0x00000000eb600000, 0x0000000100000000)
  eden space 8192K, 0% used [0x00000000eab00000,0x00000000eab00000,0x00000000eb300000)
  from space 512K, 98% used [0x00000000eb300000,0x00000000eb37e970,0x00000000eb380000)
  to   space 1536K, 0% used [0x00000000eb480000,0x00000000eb480000,0x00000000eb600000)
 ParOldGen       total 86528K, used 62410K [0x00000000c0000000, 0x00000000c5480000, 0x00000000eab00000)
  object space 86528K, 72% used [0x00000000c0000000,0x00000000c3cf2910,0x00000000c5480000)
 Metaspace       used 73563K, committed 74816K, reserved 1179648K
  class space    used 9195K, committed 9792K, reserved 1048576K
}
Event: 47.587 GC heap before
{Heap before GC invocations=93 (full 4):
 PSYoungGen      total 8704K, used 8698K [0x00000000eab00000, 0x00000000eb600000, 0x0000000100000000)
  eden space 8192K, 100% used [0x00000000eab00000,0x00000000eb300000,0x00000000eb300000)
  from space 512K, 98% used [0x00000000eb300000,0x00000000eb37e970,0x00000000eb380000)
  to   space 1536K, 0% used [0x00000000eb480000,0x00000000eb480000,0x00000000eb600000)
 ParOldGen       total 86528K, used 62410K [0x00000000c0000000, 0x00000000c5480000, 0x00000000eab00000)
  object space 86528K, 72% used [0x00000000c0000000,0x00000000c3cf2910,0x00000000c5480000)
 Metaspace       used 73640K, committed 74880K, reserved 1179648K
  class space    used 9205K, committed 9792K, reserved 1048576K
}
Event: 47.590 GC heap after
{Heap after GC invocations=93 (full 4):
 PSYoungGen      total 8704K, used 373K [0x00000000eab00000, 0x00000000eb500000, 0x0000000100000000)
  eden space 8192K, 0% used [0x00000000eab00000,0x00000000eab00000,0x00000000eb300000)
  from space 512K, 73% used [0x00000000eb480000,0x00000000eb4dd780,0x00000000eb500000)
  to   space 1024K, 0% used [0x00000000eb300000,0x00000000eb300000,0x00000000eb400000)
 ParOldGen       total 86528K, used 62506K [0x00000000c0000000, 0x00000000c5480000, 0x00000000eab00000)
  object space 86528K, 72% used [0x00000000c0000000,0x00000000c3d0a910,0x00000000c5480000)
 Metaspace       used 73640K, committed 74880K, reserved 1179648K
  class space    used 9205K, committed 9792K, reserved 1048576K
}
Event: 47.797 GC heap before
{Heap before GC invocations=94 (full 4):
 PSYoungGen      total 8704K, used 8565K [0x00000000eab00000, 0x00000000eb500000, 0x0000000100000000)
  eden space 8192K, 100% used [0x00000000eab00000,0x00000000eb300000,0x00000000eb300000)
  from space 512K, 73% used [0x00000000eb480000,0x00000000eb4dd780,0x00000000eb500000)
  to   space 1024K, 0% used [0x00000000eb300000,0x00000000eb300000,0x00000000eb400000)
 ParOldGen       total 86528K, used 62506K [0x00000000c0000000, 0x00000000c5480000, 0x00000000eab00000)
  object space 86528K, 72% used [0x00000000c0000000,0x00000000c3d0a910,0x00000000c5480000)
 Metaspace       used 73645K, committed 74880K, reserved 1179648K
  class space    used 9206K, committed 9792K, reserved 1048576K
}
Event: 47.798 GC heap after
{Heap after GC invocations=94 (full 4):
 PSYoungGen      total 9216K, used 663K [0x00000000eab00000, 0x00000000eb500000, 0x0000000100000000)
  eden space 8192K, 0% used [0x00000000eab00000,0x00000000eab00000,0x00000000eb300000)
  from space 1024K, 64% used [0x00000000eb300000,0x00000000eb3a5cb8,0x00000000eb400000)
  to   space 1024K, 0% used [0x00000000eb400000,0x00000000eb400000,0x00000000eb500000)
 ParOldGen       total 86528K, used 62570K [0x00000000c0000000, 0x00000000c5480000, 0x00000000eab00000)
  object space 86528K, 72% used [0x00000000c0000000,0x00000000c3d1a910,0x00000000c5480000)
 Metaspace       used 73645K, committed 74880K, reserved 1179648K
  class space    used 9206K, committed 9792K, reserved 1048576K
}
Event: 47.897 GC heap before
{Heap before GC invocations=95 (full 4):
 PSYoungGen      total 9216K, used 8855K [0x00000000eab00000, 0x00000000eb500000, 0x0000000100000000)
  eden space 8192K, 100% used [0x00000000eab00000,0x00000000eb300000,0x00000000eb300000)
  from space 1024K, 64% used [0x00000000eb300000,0x00000000eb3a5cb8,0x00000000eb400000)
  to   space 1024K, 0% used [0x00000000eb400000,0x00000000eb400000,0x00000000eb500000)
 ParOldGen       total 86528K, used 62570K [0x00000000c0000000, 0x00000000c5480000, 0x00000000eab00000)
  object space 86528K, 72% used [0x00000000c0000000,0x00000000c3d1a910,0x00000000c5480000)
 Metaspace       used 73645K, committed 74880K, reserved 1179648K
  class space    used 9206K, committed 9792K, reserved 1048576K
}
Event: 47.900 GC heap after
{Heap after GC invocations=95 (full 4):
 PSYoungGen      total 9216K, used 902K [0x00000000eab00000, 0x00000000eb500000, 0x0000000100000000)
  eden space 8192K, 0% used [0x00000000eab00000,0x00000000eab00000,0x00000000eb300000)
  from space 1024K, 88% used [0x00000000eb400000,0x00000000eb4e1bb8,0x00000000eb500000)
  to   space 1024K, 0% used [0x00000000eb300000,0x00000000eb300000,0x00000000eb400000)
 ParOldGen       total 86528K, used 62671K [0x00000000c0000000, 0x00000000c5480000, 0x00000000eab00000)
  object space 86528K, 72% used [0x00000000c0000000,0x00000000c3d33fb0,0x00000000c5480000)
 Metaspace       used 73645K, committed 74880K, reserved 1179648K
  class space    used 9206K, committed 9792K, reserved 1048576K
}
Event: 47.966 GC heap before
{Heap before GC invocations=96 (full 4):
 PSYoungGen      total 9216K, used 9094K [0x00000000eab00000, 0x00000000eb500000, 0x0000000100000000)
  eden space 8192K, 100% used [0x00000000eab00000,0x00000000eb300000,0x00000000eb300000)
  from space 1024K, 88% used [0x00000000eb400000,0x00000000eb4e1bb8,0x00000000eb500000)
  to   space 1024K, 0% used [0x00000000eb300000,0x00000000eb300000,0x00000000eb400000)
 ParOldGen       total 86528K, used 62671K [0x00000000c0000000, 0x00000000c5480000, 0x00000000eab00000)
  object space 86528K, 72% used [0x00000000c0000000,0x00000000c3d33fb0,0x00000000c5480000)
 Metaspace       used 73645K, committed 74880K, reserved 1179648K
  class space    used 9206K, committed 9792K, reserved 1048576K
}
Event: 47.970 GC heap after
{Heap after GC invocations=96 (full 4):
 PSYoungGen      total 9216K, used 224K [0x00000000eab00000, 0x00000000eb480000, 0x0000000100000000)
  eden space 8192K, 0% used [0x00000000eab00000,0x00000000eab00000,0x00000000eb300000)
  from space 1024K, 21% used [0x00000000eb300000,0x00000000eb338000,0x00000000eb400000)
  to   space 512K, 0% used [0x00000000eb400000,0x00000000eb400000,0x00000000eb480000)
 ParOldGen       total 86528K, used 63046K [0x00000000c0000000, 0x00000000c5480000, 0x00000000eab00000)
  object space 86528K, 72% used [0x00000000c0000000,0x00000000c3d918e0,0x00000000c5480000)
 Metaspace       used 73645K, committed 74880K, reserved 1179648K
  class space    used 9206K, committed 9792K, reserved 1048576K
}
Event: 48.029 GC heap before
{Heap before GC invocations=97 (full 4):
 PSYoungGen      total 9216K, used 8416K [0x00000000eab00000, 0x00000000eb480000, 0x0000000100000000)
  eden space 8192K, 100% used [0x00000000eab00000,0x00000000eb300000,0x00000000eb300000)
  from space 1024K, 21% used [0x00000000eb300000,0x00000000eb338000,0x00000000eb400000)
  to   space 512K, 0% used [0x00000000eb400000,0x00000000eb400000,0x00000000eb480000)
 ParOldGen       total 86528K, used 63046K [0x00000000c0000000, 0x00000000c5480000, 0x00000000eab00000)
  object space 86528K, 72% used [0x00000000c0000000,0x00000000c3d918e0,0x00000000c5480000)
 Metaspace       used 73646K, committed 74880K, reserved 1179648K
  class space    used 9206K, committed 9792K, reserved 1048576K
}
Event: 48.032 GC heap after
{Heap after GC invocations=97 (full 4):
 PSYoungGen      total 8704K, used 508K [0x00000000eab00000, 0x00000000eb500000, 0x0000000100000000)
  eden space 8192K, 0% used [0x00000000eab00000,0x00000000eab00000,0x00000000eb300000)
  from space 512K, 99% used [0x00000000eb400000,0x00000000eb47f0a0,0x00000000eb480000)
  to   space 1024K, 0% used [0x00000000eb300000,0x00000000eb300000,0x00000000eb400000)
 ParOldGen       total 86528K, used 63398K [0x00000000c0000000, 0x00000000c5480000, 0x00000000eab00000)
  object space 86528K, 73% used [0x00000000c0000000,0x00000000c3de9ab8,0x00000000c5480000)
 Metaspace       used 73646K, committed 74880K, reserved 1179648K
  class space    used 9206K, committed 9792K, reserved 1048576K
}
Event: 48.088 GC heap before
{Heap before GC invocations=98 (full 4):
 PSYoungGen      total 8704K, used 8700K [0x00000000eab00000, 0x00000000eb500000, 0x0000000100000000)
  eden space 8192K, 100% used [0x00000000eab00000,0x00000000eb300000,0x00000000eb300000)
  from space 512K, 99% used [0x00000000eb400000,0x00000000eb47f0a0,0x00000000eb480000)
  to   space 1024K, 0% used [0x00000000eb300000,0x00000000eb300000,0x00000000eb400000)
 ParOldGen       total 86528K, used 63398K [0x00000000c0000000, 0x00000000c5480000, 0x00000000eab00000)
  object space 86528K, 73% used [0x00000000c0000000,0x00000000c3de9ab8,0x00000000c5480000)
 Metaspace       used 73646K, committed 74880K, reserved 1179648K
  class space    used 9206K, committed 9792K, reserved 1048576K
}
Event: 48.096 GC heap after
{Heap after GC invocations=98 (full 4):
 PSYoungGen      total 9216K, used 331K [0x00000000eab00000, 0x00000000eb500000, 0x0000000100000000)
  eden space 8192K, 0% used [0x00000000eab00000,0x00000000eab00000,0x00000000eb300000)
  from space 1024K, 32% used [0x00000000eb300000,0x00000000eb352e20,0x00000000eb400000)
  to   space 1024K, 0% used [0x00000000eb400000,0x00000000eb400000,0x00000000eb500000)
 ParOldGen       total 86528K, used 64040K [0x00000000c0000000, 0x00000000c5480000, 0x00000000eab00000)
  object space 86528K, 74% used [0x00000000c0000000,0x00000000c3e8a140,0x00000000c5480000)
 Metaspace       used 73646K, committed 74880K, reserved 1179648K
  class space    used 9206K, committed 9792K, reserved 1048576K
}
Event: 48.160 GC heap before
{Heap before GC invocations=99 (full 4):
 PSYoungGen      total 9216K, used 8523K [0x00000000eab00000, 0x00000000eb500000, 0x0000000100000000)
  eden space 8192K, 100% used [0x00000000eab00000,0x00000000eb300000,0x00000000eb300000)
  from space 1024K, 32% used [0x00000000eb300000,0x00000000eb352e20,0x00000000eb400000)
  to   space 1024K, 0% used [0x00000000eb400000,0x00000000eb400000,0x00000000eb500000)
 ParOldGen       total 86528K, used 64040K [0x00000000c0000000, 0x00000000c5480000, 0x00000000eab00000)
  object space 86528K, 74% used [0x00000000c0000000,0x00000000c3e8a140,0x00000000c5480000)
 Metaspace       used 73646K, committed 74880K, reserved 1179648K
  class space    used 9206K, committed 9792K, reserved 1048576K
}
Event: 48.162 GC heap after
{Heap after GC invocations=99 (full 4):
 PSYoungGen      total 8704K, used 288K [0x00000000eab00000, 0x00000000eb480000, 0x0000000100000000)
  eden space 8192K, 0% used [0x00000000eab00000,0x00000000eab00000,0x00000000eb300000)
  from space 512K, 56% used [0x00000000eb400000,0x00000000eb448000,0x00000000eb480000)
  to   space 512K, 0% used [0x00000000eb380000,0x00000000eb380000,0x00000000eb400000)
 ParOldGen       total 86528K, used 64120K [0x00000000c0000000, 0x00000000c5480000, 0x00000000eab00000)
  object space 86528K, 74% used [0x00000000c0000000,0x00000000c3e9e140,0x00000000c5480000)
 Metaspace       used 73646K, committed 74880K, reserved 1179648K
  class space    used 9206K, committed 9792K, reserved 1048576K
}
Event: 48.226 GC heap before
{Heap before GC invocations=100 (full 4):
 PSYoungGen      total 8704K, used 8480K [0x00000000eab00000, 0x00000000eb480000, 0x0000000100000000)
  eden space 8192K, 100% used [0x00000000eab00000,0x00000000eb300000,0x00000000eb300000)
  from space 512K, 56% used [0x00000000eb400000,0x00000000eb448000,0x00000000eb480000)
  to   space 512K, 0% used [0x00000000eb380000,0x00000000eb380000,0x00000000eb400000)
 ParOldGen       total 86528K, used 64120K [0x00000000c0000000, 0x00000000c5480000, 0x00000000eab00000)
  object space 86528K, 74% used [0x00000000c0000000,0x00000000c3e9e140,0x00000000c5480000)
 Metaspace       used 73646K, committed 74880K, reserved 1179648K
  class space    used 9206K, committed 9792K, reserved 1048576K
}
Event: 48.231 GC heap after
{Heap after GC invocations=100 (full 4):
 PSYoungGen      total 8704K, used 510K [0x00000000eab00000, 0x00000000eb480000, 0x0000000100000000)
  eden space 8192K, 0% used [0x00000000eab00000,0x00000000eab00000,0x00000000eb300000)
  from space 512K, 99% used [0x00000000eb380000,0x00000000eb3ffbb8,0x00000000eb400000)
  to   space 512K, 0% used [0x00000000eb400000,0x00000000eb400000,0x00000000eb480000)
 ParOldGen       total 86528K, used 64649K [0x00000000c0000000, 0x00000000c5480000, 0x00000000eab00000)
  object space 86528K, 74% used [0x00000000c0000000,0x00000000c3f22670,0x00000000c5480000)
 Metaspace       used 73646K, committed 74880K, reserved 1179648K
  class space    used 9206K, committed 9792K, reserved 1048576K
}

Dll operation events (17 events):
Event: 0.020 Loaded shared library c:\Users\PC\.vscode\extensions\redhat.java-1.29.0-win32-x64\jre\17.0.10-win32-x86_64\bin\java.dll
Event: 0.336 Loaded shared library c:\Users\PC\.vscode\extensions\redhat.java-1.29.0-win32-x64\jre\17.0.10-win32-x86_64\bin\zip.dll
Event: 0.340 Loaded shared library C:\Users\PC\.vscode\extensions\redhat.java-1.29.0-win32-x64\jre\17.0.10-win32-x86_64\bin\instrument.dll
Event: 0.360 Loaded shared library C:\Users\PC\.vscode\extensions\redhat.java-1.29.0-win32-x64\jre\17.0.10-win32-x86_64\bin\net.dll
Event: 0.364 Loaded shared library C:\Users\PC\.vscode\extensions\redhat.java-1.29.0-win32-x64\jre\17.0.10-win32-x86_64\bin\nio.dll
Event: 0.375 Loaded shared library C:\Users\PC\.vscode\extensions\redhat.java-1.29.0-win32-x64\jre\17.0.10-win32-x86_64\bin\zip.dll
Event: 0.398 Loaded shared library C:\Users\PC\.vscode\extensions\redhat.java-1.29.0-win32-x64\jre\17.0.10-win32-x86_64\bin\jimage.dll
Event: 0.490 Loaded shared library c:\Users\PC\.vscode\extensions\redhat.java-1.29.0-win32-x64\jre\17.0.10-win32-x86_64\bin\verify.dll
Event: 2.228 Loaded shared library C:\Users\PC\AppData\Roaming\Code\User\globalStorage\redhat.java\1.29.0\config_win\org.eclipse.equinox.launcher\org.eclipse.equinox.launcher.win32.win32.x86_64_1.2.900.v20240213-1244\eclipse_11900.dll
Event: 7.787 Loaded shared library C:\Users\PC\AppData\Local\Temp\jna-2547\jna5833819631730987259.dll
Event: 10.801 Loaded shared library C:\Users\PC\.gradle\native\c067742578af261105cb4f569cf0c3c89f3d7b1fecec35dd04571415982c5e48\windows-amd64\native-platform.dll
Event: 12.369 Loaded shared library C:\Users\PC\.vscode\extensions\redhat.java-1.29.0-win32-x64\jre\17.0.10-win32-x86_64\bin\management.dll
Event: 12.377 Loaded shared library C:\Users\PC\.vscode\extensions\redhat.java-1.29.0-win32-x64\jre\17.0.10-win32-x86_64\bin\management_ext.dll
Event: 13.177 Loaded shared library C:\Users\PC\.gradle\native\8bec1ad78214c89d9ad589b4d07fe93259594b29d510b10fafb7a158f7737e5d\windows-amd64\native-platform.dll
Event: 13.202 Loaded shared library C:\Users\PC\.gradle\native\53dbd7edfb1c66fb8903c78663c9afc45aea4f116125fa6feffd364cf09443e8\windows-amd64\native-platform-file-events.dll
Event: 18.191 Loaded shared library C:\Users\PC\.vscode\extensions\redhat.java-1.29.0-win32-x64\jre\17.0.10-win32-x86_64\bin\extnet.dll
Event: 18.245 Loaded shared library C:\Users\PC\.vscode\extensions\redhat.java-1.29.0-win32-x64\jre\17.0.10-win32-x86_64\bin\sunmscapi.dll

Deoptimization events (20 events):
Event: 46.964 Thread 0x00000272a7ae22b0 DEOPT PACKING pc=0x000002728c3a9263 sp=0x000000fda48fa170
Event: 46.964 Thread 0x00000272a7ae22b0 DEOPT UNPACKING pc=0x0000027292b56e43 sp=0x000000fda48f96a8 mode 0
Event: 46.980 Thread 0x00000272a7ae22b0 DEOPT PACKING pc=0x000002728c3a9263 sp=0x000000fda48f9db0
Event: 46.980 Thread 0x00000272a7ae22b0 DEOPT UNPACKING pc=0x0000027292b56e43 sp=0x000000fda48f92e8 mode 0
Event: 47.002 Thread 0x00000272a7ae22b0 DEOPT PACKING pc=0x000002728c3a9263 sp=0x000000fda48f8cd0
Event: 47.002 Thread 0x00000272a7ae22b0 DEOPT UNPACKING pc=0x0000027292b56e43 sp=0x000000fda48f8208 mode 0
Event: 47.021 Thread 0x00000272a7ae22b0 DEOPT PACKING pc=0x000002728c3a9263 sp=0x000000fda48f8190
Event: 47.022 Thread 0x00000272a7ae22b0 DEOPT UNPACKING pc=0x0000027292b56e43 sp=0x000000fda48f76c8 mode 0
Event: 47.039 Thread 0x00000272a7ae22b0 DEOPT PACKING pc=0x000002728c3a9263 sp=0x000000fda48f8370
Event: 47.039 Thread 0x00000272a7ae22b0 DEOPT UNPACKING pc=0x0000027292b56e43 sp=0x000000fda48f78a8 mode 0
Event: 47.646 Thread 0x00000272a4149730 Uncommon trap: trap_request=0xffffffde fr.pc=0x000002729343c094 relative=0x0000000000000574
Event: 47.646 Thread 0x00000272a4149730 Uncommon trap: reason=class_check action=maybe_recompile pc=0x000002729343c094 method=org.eclipse.core.internal.dtree.AbstractDataTreeNode.assembleWith(Lorg/eclipse/core/internal/dtree/AbstractDataTreeNode;)Lorg/eclipse/core/internal/dtree/AbstractDataTre
Event: 47.646 Thread 0x00000272a4149730 DEOPT PACKING pc=0x000002729343c094 sp=0x000000fda1ffebf0
Event: 47.646 Thread 0x00000272a4149730 DEOPT UNPACKING pc=0x0000027292b566a3 sp=0x000000fda1ffeb98 mode 2
Event: 47.789 Thread 0x00000272a7ae22b0 DEOPT PACKING pc=0x000002728c44a01b sp=0x000000fda48fc5b0
Event: 47.789 Thread 0x00000272a7ae22b0 DEOPT UNPACKING pc=0x0000027292b56e43 sp=0x000000fda48fba90 mode 0
Event: 47.808 Thread 0x00000272a7ae22b0 DEOPT PACKING pc=0x000002728c44a01b sp=0x000000fda48fb0b0
Event: 47.808 Thread 0x00000272a7ae22b0 DEOPT UNPACKING pc=0x0000027292b56e43 sp=0x000000fda48fa590 mode 0
Event: 47.827 Thread 0x00000272a7ae22b0 DEOPT PACKING pc=0x000002728c44a01b sp=0x000000fda48fb2b0
Event: 47.827 Thread 0x00000272a7ae22b0 DEOPT UNPACKING pc=0x0000027292b56e43 sp=0x000000fda48fa790 mode 0

Classes unloaded (12 events):
Event: 4.438 Thread 0x00000272a1904870 Unloading class 0x0000000100248400 'java/lang/invoke/LambdaForm$MH+0x0000000100248400'
Event: 4.438 Thread 0x00000272a1904870 Unloading class 0x0000000100248000 'java/lang/invoke/LambdaForm$MH+0x0000000100248000'
Event: 4.438 Thread 0x00000272a1904870 Unloading class 0x0000000100247c00 'java/lang/invoke/LambdaForm$MH+0x0000000100247c00'
Event: 4.438 Thread 0x00000272a1904870 Unloading class 0x0000000100247800 'java/lang/invoke/LambdaForm$MH+0x0000000100247800'
Event: 4.438 Thread 0x00000272a1904870 Unloading class 0x0000000100247400 'java/lang/invoke/LambdaForm$BMH+0x0000000100247400'
Event: 4.438 Thread 0x00000272a1904870 Unloading class 0x0000000100247000 'java/lang/invoke/LambdaForm$DMH+0x0000000100247000'
Event: 4.438 Thread 0x00000272a1904870 Unloading class 0x0000000100244400 'java/lang/invoke/LambdaForm$DMH+0x0000000100244400'
Event: 7.235 Thread 0x00000272a1904870 Unloading class 0x000000010035b000 'java/lang/invoke/LambdaForm$MH+0x000000010035b000'
Event: 7.235 Thread 0x00000272a1904870 Unloading class 0x000000010035a400 'java/lang/invoke/LambdaForm$MH+0x000000010035a400'
Event: 7.235 Thread 0x00000272a1904870 Unloading class 0x0000000100359c00 'java/lang/invoke/LambdaForm$MH+0x0000000100359c00'
Event: 7.235 Thread 0x00000272a1904870 Unloading class 0x0000000100359400 'java/lang/invoke/LambdaForm$MH+0x0000000100359400'
Event: 7.235 Thread 0x00000272a1904870 Unloading class 0x0000000100358800 'java/lang/invoke/LambdaForm$MH+0x0000000100358800'

Classes redefined (0 events):
No events

Internal exceptions (20 events):
Event: 46.568 Thread 0x00000272a4149730 Exception <a 'sun/nio/fs/WindowsException'{0x00000000eace9a50}> (0x00000000eace9a50) 
thrown [s\src\hotspot\share\prims\jni.cpp, line 516]
Event: 46.569 Thread 0x00000272a4149730 Exception <a 'sun/nio/fs/WindowsException'{0x00000000eacedff0}> (0x00000000eacedff0) 
thrown [s\src\hotspot\share\prims\jni.cpp, line 516]
Event: 46.582 Thread 0x00000272a4149730 Exception <a 'sun/nio/fs/WindowsException'{0x00000000ead00b80}> (0x00000000ead00b80) 
thrown [s\src\hotspot\share\prims\jni.cpp, line 516]
Event: 46.582 Thread 0x00000272a4149730 Exception <a 'sun/nio/fs/WindowsException'{0x00000000ead055d0}> (0x00000000ead055d0) 
thrown [s\src\hotspot\share\prims\jni.cpp, line 516]
Event: 46.583 Thread 0x00000272a4149730 Exception <a 'sun/nio/fs/WindowsException'{0x00000000ead0a2d8}> (0x00000000ead0a2d8) 
thrown [s\src\hotspot\share\prims\jni.cpp, line 516]
Event: 46.584 Thread 0x00000272a4149730 Exception <a 'sun/nio/fs/WindowsException'{0x00000000ead0ec20}> (0x00000000ead0ec20) 
thrown [s\src\hotspot\share\prims\jni.cpp, line 516]
Event: 46.584 Thread 0x00000272a4149730 Exception <a 'sun/nio/fs/WindowsException'{0x00000000ead12d10}> (0x00000000ead12d10) 
thrown [s\src\hotspot\share\prims\jni.cpp, line 516]
Event: 46.584 Thread 0x00000272a4149730 Exception <a 'sun/nio/fs/WindowsException'{0x00000000ead179a0}> (0x00000000ead179a0) 
thrown [s\src\hotspot\share\prims\jni.cpp, line 516]
Event: 46.585 Thread 0x00000272a4149730 Exception <a 'sun/nio/fs/WindowsException'{0x00000000ead1b958}> (0x00000000ead1b958) 
thrown [s\src\hotspot\share\prims\jni.cpp, line 516]
Event: 46.585 Thread 0x00000272a4149730 Exception <a 'sun/nio/fs/WindowsException'{0x00000000ead1fe78}> (0x00000000ead1fe78) 
thrown [s\src\hotspot\share\prims\jni.cpp, line 516]
Event: 46.586 Thread 0x00000272a4149730 Exception <a 'sun/nio/fs/WindowsException'{0x00000000ead24030}> (0x00000000ead24030) 
thrown [s\src\hotspot\share\prims\jni.cpp, line 516]
Event: 46.586 Thread 0x00000272a4149730 Exception <a 'sun/nio/fs/WindowsException'{0x00000000ead2a8e0}> (0x00000000ead2a8e0) 
thrown [s\src\hotspot\share\prims\jni.cpp, line 516]
Event: 46.587 Thread 0x00000272a4149730 Exception <a 'sun/nio/fs/WindowsException'{0x00000000ead2edd0}> (0x00000000ead2edd0) 
thrown [s\src\hotspot\share\prims\jni.cpp, line 516]
Event: 46.606 Thread 0x00000272a4149730 Exception <a 'sun/nio/fs/WindowsException'{0x00000000ead67de0}> (0x00000000ead67de0) 
thrown [s\src\hotspot\share\prims\jni.cpp, line 516]
Event: 46.618 Thread 0x00000272a4149730 Exception <a 'sun/nio/fs/WindowsException'{0x00000000ead8ae00}> (0x00000000ead8ae00) 
thrown [s\src\hotspot\share\prims\jni.cpp, line 516]
Event: 46.718 Thread 0x00000272a5598160 Exception <a 'sun/nio/fs/WindowsException'{0x00000000eaf9af88}> (0x00000000eaf9af88) 
thrown [s\src\hotspot\share\prims\jni.cpp, line 516]
Event: 46.731 Thread 0x00000272a5598160 Implicit null exception at 0x00000272933e326f to 0x00000272933e3724
Event: 46.772 Thread 0x00000272a5598160 Exception <a 'sun/nio/fs/WindowsException'{0x00000000eb170f60}> (0x00000000eb170f60) 
thrown [s\src\hotspot\share\prims\jni.cpp, line 516]
Event: 46.781 Thread 0x00000272a5598160 Exception <a 'java/lang/NoSuchMethodError'{0x00000000eb192208}: 'java.lang.Object java.lang.invoke.DirectMethodHandle$Holder.invokeStatic(java.lang.Object, java.lang.Object, int, java.lang.Object)'> (0x00000000eb192208) 
thrown [s\src\hotspot\share\interpreter\linkResolver.cpp, line 759]
Event: 46.783 Thread 0x00000272a5598160 Exception <a 'java/lang/NoSuchMethodError'{0x00000000eb1a47c8}: 'java.lang.Object java.lang.invoke.DirectMethodHandle$Holder.newInvokeSpecial(java.lang.Object, java.lang.Object, int)'> (0x00000000eb1a47c8) 
thrown [s\src\hotspot\share\interpreter\linkResolver.cpp, line 759]

VM Operations (20 events):
Event: 47.587 Executing VM operation: ParallelGCFailedAllocation
Event: 47.590 Executing VM operation: ParallelGCFailedAllocation done
Event: 47.797 Executing VM operation: ParallelGCFailedAllocation
Event: 47.798 Executing VM operation: ParallelGCFailedAllocation done
Event: 47.862 Executing VM operation: HandshakeAllThreads
Event: 47.862 Executing VM operation: HandshakeAllThreads done
Event: 47.897 Executing VM operation: ParallelGCFailedAllocation
Event: 47.900 Executing VM operation: ParallelGCFailedAllocation done
Event: 47.966 Executing VM operation: ParallelGCFailedAllocation
Event: 47.970 Executing VM operation: ParallelGCFailedAllocation done
Event: 48.029 Executing VM operation: ParallelGCFailedAllocation
Event: 48.032 Executing VM operation: ParallelGCFailedAllocation done
Event: 48.088 Executing VM operation: ParallelGCFailedAllocation
Event: 48.096 Executing VM operation: ParallelGCFailedAllocation done
Event: 48.160 Executing VM operation: ParallelGCFailedAllocation
Event: 48.162 Executing VM operation: ParallelGCFailedAllocation done
Event: 48.164 Executing VM operation: HandshakeAllThreads
Event: 48.164 Executing VM operation: HandshakeAllThreads done
Event: 48.226 Executing VM operation: ParallelGCFailedAllocation
Event: 48.232 Executing VM operation: ParallelGCFailedAllocation done

Events (20 events):
Event: 48.182 Thread 0x00000272a193f090 flushing nmethod 0x000002728c2ccd10
Event: 48.182 Thread 0x00000272a193f090 flushing nmethod 0x000002728c2d1e10
Event: 48.182 Thread 0x00000272a193f090 flushing nmethod 0x000002728c2e8510
Event: 48.182 Thread 0x00000272a193f090 flushing nmethod 0x000002728c2fc890
Event: 48.183 Thread 0x00000272a193f090 flushing nmethod 0x000002728c34ba10
Event: 48.183 Thread 0x00000272a193f090 flushing nmethod 0x000002728c37ad10
Event: 48.183 Thread 0x00000272a193f090 flushing nmethod 0x000002728c38a710
Event: 48.183 Thread 0x00000272a193f090 flushing nmethod 0x000002728c3a7790
Event: 48.183 Thread 0x00000272a193f090 flushing nmethod 0x000002728c3aa210
Event: 48.183 Thread 0x00000272a193f090 flushing nmethod 0x000002728c3afe10
Event: 48.183 Thread 0x00000272a193f090 flushing nmethod 0x000002728c3b9190
Event: 48.183 Thread 0x00000272a193f090 flushing nmethod 0x000002728c3ba090
Event: 48.183 Thread 0x00000272a193f090 flushing nmethod 0x000002728c3bb510
Event: 48.183 Thread 0x00000272a193f090 flushing nmethod 0x000002728c3c0490
Event: 48.183 Thread 0x00000272a193f090 flushing nmethod 0x000002728c3cca90
Event: 48.184 Thread 0x00000272a193f090 flushing nmethod 0x000002728c43a610
Event: 48.184 Thread 0x00000272a193f090 flushing nmethod 0x000002728c43aa10
Event: 48.184 Thread 0x00000272a193f090 flushing nmethod 0x000002728c43ad90
Event: 48.184 Thread 0x00000272a193f090 flushing nmethod 0x000002728c43b110
Event: 48.184 Thread 0x00000272a193f090 flushing nmethod 0x000002728c43c790


Dynamic libraries:
0x00007ff7c7010000 - 0x00007ff7c701e000 	c:\Users\PC\.vscode\extensions\redhat.java-1.29.0-win32-x64\jre\17.0.10-win32-x86_64\bin\java.exe
0x00007ff92d4d0000 - 0x00007ff92d6e6000 	C:\WINDOWS\SYSTEM32\ntdll.dll
0x00007ff92b8e0000 - 0x00007ff92b9a4000 	C:\WINDOWS\System32\KERNEL32.DLL
0x00007ff92ad80000 - 0x00007ff92b127000 	C:\WINDOWS\System32\KERNELBASE.dll
0x00007ff92a8b0000 - 0x00007ff92a9c1000 	C:\WINDOWS\System32\ucrtbase.dll
0x00007ff8e7a20000 - 0x00007ff8e7a37000 	c:\Users\PC\.vscode\extensions\redhat.java-1.29.0-win32-x64\jre\17.0.10-win32-x86_64\bin\jli.dll
0x00007ff92c880000 - 0x00007ff92ca2e000 	C:\WINDOWS\System32\USER32.dll
0x00007ff8e6a10000 - 0x00007ff8e6a2b000 	c:\Users\PC\.vscode\extensions\redhat.java-1.29.0-win32-x64\jre\17.0.10-win32-x86_64\bin\VCRUNTIME140.dll
0x00007ff92aa00000 - 0x00007ff92aa26000 	C:\WINDOWS\System32\win32u.dll
0x00007ff909b90000 - 0x00007ff909e23000 	C:\WINDOWS\WinSxS\amd64_microsoft.windows.common-controls_6595b64144ccf1df_6.0.22621.3235_none_270f74e173860f98\COMCTL32.dll
0x00007ff92b3e0000 - 0x00007ff92b409000 	C:\WINDOWS\System32\GDI32.dll
0x00007ff92aa30000 - 0x00007ff92ab49000 	C:\WINDOWS\System32\gdi32full.dll
0x00007ff92b1d0000 - 0x00007ff92b277000 	C:\WINDOWS\System32\msvcrt.dll
0x00007ff92b130000 - 0x00007ff92b1ca000 	C:\WINDOWS\System32\msvcp_win.dll
0x00007ff92b280000 - 0x00007ff92b2b1000 	C:\WINDOWS\System32\IMM32.DLL
0x00007ff8f33a0000 - 0x00007ff8f33ac000 	c:\Users\PC\.vscode\extensions\redhat.java-1.29.0-win32-x64\jre\17.0.10-win32-x86_64\bin\vcruntime140_1.dll
0x00007ff8cefe0000 - 0x00007ff8cf06d000 	c:\Users\PC\.vscode\extensions\redhat.java-1.29.0-win32-x64\jre\17.0.10-win32-x86_64\bin\msvcp140.dll
0x00007ff8b07e0000 - 0x00007ff8b1442000 	c:\Users\PC\.vscode\extensions\redhat.java-1.29.0-win32-x64\jre\17.0.10-win32-x86_64\bin\server\jvm.dll
0x00007ff92bf10000 - 0x00007ff92bfc2000 	C:\WINDOWS\System32\ADVAPI32.dll
0x00007ff92b9b0000 - 0x00007ff92ba58000 	C:\WINDOWS\System32\sechost.dll
0x00007ff92a9d0000 - 0x00007ff92a9f8000 	C:\WINDOWS\System32\bcrypt.dll
0x00007ff92b720000 - 0x00007ff92b835000 	C:\WINDOWS\System32\RPCRT4.dll
0x00007ff929630000 - 0x00007ff92967d000 	C:\WINDOWS\SYSTEM32\POWRPROF.dll
0x00007ff912cd0000 - 0x00007ff912cd9000 	C:\WINDOWS\SYSTEM32\WSOCK32.dll
0x00007ff92bd90000 - 0x00007ff92be01000 	C:\WINDOWS\System32\WS2_32.dll
0x00007ff927b60000 - 0x00007ff927b6a000 	C:\WINDOWS\SYSTEM32\VERSION.dll
0x00007ff923bb0000 - 0x00007ff923be4000 	C:\WINDOWS\SYSTEM32\WINMM.dll
0x00007ff929610000 - 0x00007ff929623000 	C:\WINDOWS\SYSTEM32\UMPDC.dll
0x00007ff9298c0000 - 0x00007ff9298d8000 	C:\WINDOWS\SYSTEM32\kernel.appcore.dll
0x00007ff8f12b0000 - 0x00007ff8f12ba000 	c:\Users\PC\.vscode\extensions\redhat.java-1.29.0-win32-x64\jre\17.0.10-win32-x86_64\bin\jimage.dll
0x00007ff928360000 - 0x00007ff928593000 	C:\WINDOWS\SYSTEM32\DBGHELP.DLL
0x00007ff92cae0000 - 0x00007ff92ce68000 	C:\WINDOWS\System32\combase.dll
0x00007ff92b2f0000 - 0x00007ff92b3c7000 	C:\WINDOWS\System32\OLEAUT32.dll
0x00007ff8f50a0000 - 0x00007ff8f50d2000 	C:\WINDOWS\SYSTEM32\dbgcore.DLL
0x00007ff92a830000 - 0x00007ff92a8a9000 	C:\WINDOWS\System32\bcryptPrimitives.dll
0x00007ff8ed4f0000 - 0x00007ff8ed4fe000 	c:\Users\PC\.vscode\extensions\redhat.java-1.29.0-win32-x64\jre\17.0.10-win32-x86_64\bin\instrument.dll
0x00007ff8e6540000 - 0x00007ff8e6565000 	c:\Users\PC\.vscode\extensions\redhat.java-1.29.0-win32-x64\jre\17.0.10-win32-x86_64\bin\java.dll
0x00007ff8e6760000 - 0x00007ff8e6778000 	c:\Users\PC\.vscode\extensions\redhat.java-1.29.0-win32-x64\jre\17.0.10-win32-x86_64\bin\zip.dll
0x00007ff92c020000 - 0x00007ff92c87c000 	C:\WINDOWS\System32\SHELL32.dll
0x00007ff928700000 - 0x00007ff928ff9000 	C:\WINDOWS\SYSTEM32\windows.storage.dll
0x00007ff9285c0000 - 0x00007ff9286fe000 	C:\WINDOWS\SYSTEM32\wintypes.dll
0x00007ff92b470000 - 0x00007ff92b563000 	C:\WINDOWS\System32\SHCORE.dll
0x00007ff92b410000 - 0x00007ff92b46e000 	C:\WINDOWS\System32\shlwapi.dll
0x00007ff92a6f0000 - 0x00007ff92a711000 	C:\WINDOWS\SYSTEM32\profapi.dll
0x00007ff8e66e0000 - 0x00007ff8e66f9000 	C:\Users\PC\.vscode\extensions\redhat.java-1.29.0-win32-x64\jre\17.0.10-win32-x86_64\bin\net.dll
0x00007ff924760000 - 0x00007ff924896000 	C:\WINDOWS\SYSTEM32\WINHTTP.dll
0x00007ff929d20000 - 0x00007ff929d89000 	C:\WINDOWS\system32\mswsock.dll
0x00007ff8e6320000 - 0x00007ff8e6336000 	C:\Users\PC\.vscode\extensions\redhat.java-1.29.0-win32-x64\jre\17.0.10-win32-x86_64\bin\nio.dll
0x00007ff8ed010000 - 0x00007ff8ed020000 	c:\Users\PC\.vscode\extensions\redhat.java-1.29.0-win32-x64\jre\17.0.10-win32-x86_64\bin\verify.dll
0x00007ff8c7d40000 - 0x00007ff8c7d7e000 	C:\Users\PC\AppData\Roaming\Code\User\globalStorage\redhat.java\1.29.0\config_win\org.eclipse.equinox.launcher\org.eclipse.equinox.launcher.win32.win32.x86_64_1.2.900.v20240213-1244\eclipse_11900.dll
0x00007ff92b570000 - 0x00007ff92b715000 	C:\WINDOWS\System32\ole32.dll
0x00007ff929fc0000 - 0x00007ff929fdb000 	C:\WINDOWS\SYSTEM32\CRYPTSP.dll
0x00007ff929820000 - 0x00007ff929855000 	C:\WINDOWS\system32\rsaenh.dll
0x00007ff929dc0000 - 0x00007ff929de8000 	C:\WINDOWS\SYSTEM32\USERENV.dll
0x00007ff929f30000 - 0x00007ff929f3c000 	C:\WINDOWS\SYSTEM32\CRYPTBASE.dll
0x00007ff929310000 - 0x00007ff92933d000 	C:\WINDOWS\SYSTEM32\IPHLPAPI.DLL
0x00007ff92ba60000 - 0x00007ff92ba69000 	C:\WINDOWS\System32\NSI.dll
0x00007ff924460000 - 0x00007ff924479000 	C:\WINDOWS\SYSTEM32\dhcpcsvc6.DLL
0x00007ff924340000 - 0x00007ff92435f000 	C:\WINDOWS\SYSTEM32\dhcpcsvc.DLL
0x00007ff929340000 - 0x00007ff929439000 	C:\WINDOWS\SYSTEM32\DNSAPI.dll
0x00007ff8f5be0000 - 0x00007ff8f5c25000 	C:\Users\PC\AppData\Local\Temp\jna-2547\jna5833819631730987259.dll
0x00007ff92b8d0000 - 0x00007ff92b8d8000 	C:\WINDOWS\System32\PSAPI.DLL
0x00007ff91f600000 - 0x00007ff91f627000 	C:\Users\PC\.gradle\native\c067742578af261105cb4f569cf0c3c89f3d7b1fecec35dd04571415982c5e48\windows-amd64\native-platform.dll
0x00007ff91f4e0000 - 0x00007ff91f4e9000 	C:\Users\PC\.vscode\extensions\redhat.java-1.29.0-win32-x64\jre\17.0.10-win32-x86_64\bin\management.dll
0x00007ff915e70000 - 0x00007ff915e7b000 	C:\Users\PC\.vscode\extensions\redhat.java-1.29.0-win32-x64\jre\17.0.10-win32-x86_64\bin\management_ext.dll
0x00007ff8ef310000 - 0x00007ff8ef337000 	C:\Users\PC\.gradle\native\8bec1ad78214c89d9ad589b4d07fe93259594b29d510b10fafb7a158f7737e5d\windows-amd64\native-platform.dll
0x00007ff8d01a0000 - 0x00007ff8d02dd000 	C:\Users\PC\.gradle\native\53dbd7edfb1c66fb8903c78663c9afc45aea4f116125fa6feffd364cf09443e8\windows-amd64\native-platform-file-events.dll
0x00007ff915be0000 - 0x00007ff915be9000 	C:\Users\PC\.vscode\extensions\redhat.java-1.29.0-win32-x64\jre\17.0.10-win32-x86_64\bin\extnet.dll
0x00007ff915bd0000 - 0x00007ff915bde000 	C:\Users\PC\.vscode\extensions\redhat.java-1.29.0-win32-x64\jre\17.0.10-win32-x86_64\bin\sunmscapi.dll
0x00007ff92ab50000 - 0x00007ff92acb6000 	C:\WINDOWS\System32\CRYPT32.dll
0x00007ff92a180000 - 0x00007ff92a1ae000 	C:\WINDOWS\SYSTEM32\ncrypt.dll
0x00007ff92a140000 - 0x00007ff92a177000 	C:\WINDOWS\SYSTEM32\NTASN1.dll
0x00007ff8fe500000 - 0x00007ff8fe508000 	C:\WINDOWS\system32\wshunix.dll

dbghelp: loaded successfully - version: 4.0.5 - missing functions: none
symbol engine: initialized successfully - sym options: 0x614 - pdb path: .;c:\Users\PC\.vscode\extensions\redhat.java-1.29.0-win32-x64\jre\17.0.10-win32-x86_64\bin;C:\WINDOWS\SYSTEM32;C:\WINDOWS\WinSxS\amd64_microsoft.windows.common-controls_6595b64144ccf1df_6.0.22621.3235_none_270f74e173860f98;c:\Users\PC\.vscode\extensions\redhat.java-1.29.0-win32-x64\jre\17.0.10-win32-x86_64\bin\server;C:\Users\PC\AppData\Roaming\Code\User\globalStorage\redhat.java\1.29.0\config_win\org.eclipse.equinox.launcher\org.eclipse.equinox.launcher.win32.win32.x86_64_1.2.900.v20240213-1244;C:\Users\PC\AppData\Local\Temp\jna-2547;C:\Users\PC\.gradle\native\c067742578af261105cb4f569cf0c3c89f3d7b1fecec35dd04571415982c5e48\windows-amd64;C:\Users\PC\.gradle\native\8bec1ad78214c89d9ad589b4d07fe93259594b29d510b10fafb7a158f7737e5d\windows-amd64;C:\Users\PC\.gradle\native\53dbd7edfb1c66fb8903c78663c9afc45aea4f116125fa6feffd364cf09443e8\windows-amd64

VM Arguments:
jvm_args: --add-modules=ALL-SYSTEM --add-opens=java.base/java.util=ALL-UNNAMED --add-opens=java.base/java.lang=ALL-UNNAMED --add-opens=java.base/sun.nio.fs=ALL-UNNAMED -Declipse.application=org.eclipse.jdt.ls.core.id1 -Dosgi.bundles.defaultStartLevel=4 -Declipse.product=org.eclipse.jdt.ls.core.product -Djava.import.generatesMetadataFilesAtProjectRoot=false -DDetectVMInstallationsJob.disabled=true -Dfile.encoding=utf8 -XX:+UseParallelGC -XX:GCTimeRatio=4 -XX:AdaptiveSizePolicyWeight=90 -Dsun.zip.disableMemoryMapping=true -Xmx1G -Xms100m -Xlog:disable -javaagent:c:\Users\PC\.vscode\extensions\redhat.java-1.29.0-win32-x64\lombok\lombok-1.18.32.jar -XX:+HeapDumpOnOutOfMemoryError -XX:HeapDumpPath=c:\Users\PC\AppData\Roaming\Code\User\workspaceStorage\0699e980b65fcd0dfac2eb193b675684\redhat.java -Daether.dependencyCollector.impl=bf 
java_command: c:\Users\PC\.vscode\extensions\redhat.java-1.29.0-win32-x64\server\plugins\org.eclipse.equinox.launcher_1.6.800.v20240304-1850.jar -configuration c:\Users\PC\AppData\Roaming\Code\User\globalStorage\redhat.java\1.29.0\config_win -data c:\Users\PC\AppData\Roaming\Code\User\workspaceStorage\0699e980b65fcd0dfac2eb193b675684\redhat.java\jdt_ws --stdio
java_class_path (initial): c:\Users\PC\.vscode\extensions\redhat.java-1.29.0-win32-x64\server\plugins\org.eclipse.equinox.launcher_1.6.800.v20240304-1850.jar
Launcher Type: SUN_STANDARD

[Global flags]
    uintx AdaptiveSizePolicyWeight                 = 90                                        {product} {command line}
     intx CICompilerCount                          = 4                                         {product} {ergonomic}
    uintx GCTimeRatio                              = 4                                         {product} {command line}
     bool HeapDumpOnOutOfMemoryError               = true                                   {manageable} {command line}
    ccstr HeapDumpPath                             = c:\Users\PC\AppData\Roaming\Code\User\workspaceStorage\0699e980b65fcd0dfac2eb193b675684\redhat.java         {manageable} {command line}
   size_t InitialHeapSize                          = 104857600                                 {product} {command line}
   size_t MaxHeapSize                              = 1073741824                                {product} {command line}
   size_t MaxNewSize                               = 357564416                                 {product} {ergonomic}
   size_t MinHeapDeltaBytes                        = 524288                                    {product} {ergonomic}
   size_t MinHeapSize                              = 104857600                                 {product} {command line}
   size_t NewSize                                  = 34603008                                  {product} {ergonomic}
    uintx NonNMethodCodeHeapSize                   = 5839372                                {pd product} {ergonomic}
    uintx NonProfiledCodeHeapSize                  = 122909434                              {pd product} {ergonomic}
   size_t OldSize                                  = 70254592                                  {product} {ergonomic}
    uintx ProfiledCodeHeapSize                     = 122909434                              {pd product} {ergonomic}
    uintx ReservedCodeCacheSize                    = 251658240                              {pd product} {ergonomic}
     bool SegmentedCodeCache                       = true                                      {product} {ergonomic}
   size_t SoftMaxHeapSize                          = 1073741824                             {manageable} {ergonomic}
     bool UseCompressedClassPointers               = true                           {product lp64_product} {ergonomic}
     bool UseCompressedOops                        = true                           {product lp64_product} {ergonomic}
     bool UseLargePagesIndividualAllocation        = false                                  {pd product} {ergonomic}
     bool UseParallelGC                            = true                                      {product} {command line}

Logging:
Log output configuration:
 #0: stdout all=off uptime,level,tags
 #1: stderr all=off uptime,level,tags

Environment Variables:
JAVA_HOME=D:\Flutter\jbr
PATH=E:\Downloaded\Oracle\dbhomeXE\bin;C:\Program Files\Common Files\Oracle\Java\javapath;C:\Python311\Scripts\;C:\Python311\;C:\Program Files (x86)\Common Files\Oracle\Java\javapath;C:\WINDOWS\system32;C:\WINDOWS;C:\WINDOWS\System32\Wbem;C:\WINDOWS\System32\WindowsPowerShell\v1.0\;C:\WINDOWS\System32\OpenSSH\;E:\Matlab\runtime\win64;E:\Matlab\bin;E:\Downloaded\React Native Expo\Nodejs;E:\Downloaded\C++ VS\mingw32\bin;E:\Downloaded\React Native Expo\AndroidStudio\SDK\tools\bin;C:\Program Files\Docker\Docker\resources\bin;C:\ProgramData\DockerDesktop\version-bin;E:\Downloaded\IDE\mingw32\bin;E:\Downloaded\IDE\mingw32\i686-w64-mingw32\bin;C:\Program Files (x86)\dotnet\;C:\Program Files (x86)\sbt\bin;C:\ProgramData\chocolatey\bin;E:\Downloaded\React Native Expo\NodeJs\;D:\Download\Bosch\cmake-3.28.0-rc3-windows-x86_64\cmake-3.28.0-rc3-windows-x86_64\bin;D:\Download\Bosch\gcc-arm-none-eabi-10.3-2021.10-win32\gcc-arm-none-eabi-10.3-2021.10\bin;C:\Program Files\gsudo\Current;E:\Downloaded\MCU\;C:\Users\PC\AppData\Roaming\Python\Python311\Scripts;C:\Users\PC\AppData\Local\Programs\Python\Python312\Scripts;E:\Downloaded\React Native Expo\Git\cmd;C:\Users\PC\AppData\Local\Programs\Python\Python312\Scripts\;C:\Users\PC\AppData\Local\Programs\Python\Python312\;D:\DS\Anaconda;D:\DS\Anaconda\Library\mingw-w64\bin;D:\DS\Anaconda\Library\usr\bin;D:\DS\Anaconda\Library\bin;D:\DS\Anaconda\Scripts;C:\Users\PC\AppData\Local\Programs\Python\Python310\Scripts\;C:\Users\PC\AppData\Local\Programs\Python\Python310\;C:\Users\PC\AppData\Local\Microsoft\WindowsApps;D:\Download\flutter\bin;E:\Downloaded\React Native Expo\VSCode\Microsoft VS Code\bin;D:\Download\Flutter\flutter_windows_2.5.3-stable\flutter\bin;D:\Downloaded\mongosh\;C:\Users\PC\AppData\Roaming\npm;C:\Users\PC\AppData\Roaming\Python\Python311\Scripts;D:\Download\fluttersdk\flutter\bin;D:\Flutter;
USERNAME=PC
OS=Windows_NT
PROCESSOR_IDENTIFIER=Intel64 Family 6 Model 158 Stepping 10, GenuineIntel
TMP=C:\Users\PC\AppData\Local\Temp
TEMP=C:\Users\PC\AppData\Local\Temp



Periodic native trim disabled


---------------  S Y S T E M  ---------------

OS:
 Windows 11 , 64 bit Build 22621 (10.0.22621.3374)
OS uptime: 0 days 18:03 hours
Hyper-V role detected

CPU: total 12 (initial active 12) (6 cores per cpu, 2 threads per core) family 6 model 158 stepping 10 microcode 0xde, cx8, cmov, fxsr, ht, mmx, 3dnowpref, sse, sse2, sse3, ssse3, sse4.1, sse4.2, popcnt, lzcnt, tsc, tscinvbit, avx, avx2, aes, erms, clmul, bmi1, bmi2, adx, fma, vzeroupper, clflush, clflushopt, hv
Processor Information for all 12 processors :
  Max Mhz: 2601, Current Mhz: 2600, Mhz Limit: 2574

Memory: 4k page, system-wide physical 8037M (140M free)
TotalPageFile size 21071M (AvailPageFile size 89M)
current process WorkingSet (physical memory assigned to process): 218M, peak: 286M
current process commit charge ("private bytes"): 378M, peak: 389M

vm_info: OpenJDK 64-Bit Server VM (17.0.10+7) for windows-amd64 JRE (17.0.10+7), built on Jan 16 2024 23:25:11 by "admin" with MS VC++ 16.10 / 16.11 (VS2019)

END.
